{"C:\\Users\\Danilo\\Documents\\Projects\\boiler-frontendmentor-react\\src\\App.tsx": {"path":"C:\\Users\\Danilo\\Documents\\Projects\\boiler-frontendmentor-react\\src\\App.tsx","statementMap":{"0":{"start":{"line":1,"column":0},"end":{"line":1,"column":50}},"1":{"start":{"line":2,"column":0},"end":{"line":2,"column":41}},"2":{"start":{"line":4,"column":0},"end":{"line":4,"column":43}},"3":{"start":{"line":5,"column":0},"end":{"line":5,"column":35}},"4":{"start":{"line":8,"column":2},"end":{"line":13,"column":4}},"5":{"start":{"line":16,"column":0},"end":{"line":16,"column":19}}},"fnMap":{"0":{"name":"App","decl":{"start":{"line":7,"column":9},"end":{"line":7,"column":12}},"loc":{"start":{"line":7,"column":12},"end":{"line":14,"column":1}}}},"branchMap":{},"s":{"0":0,"1":0,"2":0,"3":0,"4":0,"5":0},"f":{"0":0},"b":{}}
,"C:\\Users\\Danilo\\Documents\\Projects\\boiler-frontendmentor-react\\src\\main.tsx": {"path":"C:\\Users\\Danilo\\Documents\\Projects\\boiler-frontendmentor-react\\src\\main.tsx","statementMap":{"0":{"start":{"line":1,"column":0},"end":{"line":1,"column":26}},"1":{"start":{"line":2,"column":0},"end":{"line":2,"column":40}},"2":{"start":{"line":3,"column":0},"end":{"line":3,"column":24}},"3":{"start":{"line":5,"column":0},"end":{"line":9,"column":2}}},"fnMap":{},"branchMap":{},"s":{"0":0,"1":0,"2":0,"3":0},"f":{},"b":{}}
,"C:\\Users\\Danilo\\Documents\\Projects\\boiler-frontendmentor-react\\src\\vite-env.d.ts": {"path":"C:\\Users\\Danilo\\Documents\\Projects\\boiler-frontendmentor-react\\src\\vite-env.d.ts","statementMap":{},"fnMap":{},"branchMap":{},"s":{},"f":{},"b":{}}
,"C:\\Users\\Danilo\\Documents\\Projects\\boiler-frontendmentor-react\\src\\components\\Main\\index.tsx": {"path":"C:\\Users\\Danilo\\Documents\\Projects\\boiler-frontendmentor-react\\src\\components\\Main\\index.tsx","statementMap":{"0":{"start":{"line":1,"column":0},"end":{"line":1,"column":30}},"1":{"start":{"line":3,"column":20},"end":{"line":5,"column":1}},"2":{"start":{"line":4,"column":2},"end":{"line":4,"column":37}},"3":{"start":{"line":3,"column":13},"end":{"line":3,"column":20}}},"fnMap":{"0":{"name":"(anonymous_0)","decl":{"start":{"line":3,"column":20},"end":{"line":3,"column":23}},"loc":{"start":{"line":3,"column":25},"end":{"line":5,"column":1}}}},"branchMap":{},"s":{"0":1,"1":1,"2":1,"3":1},"f":{"0":1},"b":{}}
,"C:\\Users\\Danilo\\Documents\\Projects\\boiler-frontendmentor-react\\src\\components\\Main\\styles.ts": {"path":"C:\\Users\\Danilo\\Documents\\Projects\\boiler-frontendmentor-react\\src\\components\\Main\\styles.ts","statementMap":{"0":{"start":{"line":1,"column":0},"end":{"line":1,"column":39}},"1":{"start":{"line":3,"column":13},"end":{"line":6,"column":2}}},"fnMap":{},"branchMap":{},"s":{"0":1,"1":1},"f":{},"b":{}}
,"C:\\Users\\Danilo\\Documents\\Projects\\boiler-frontendmentor-react\\src\\styles\\global.ts": {"path":"C:\\Users\\Danilo\\Documents\\Projects\\boiler-frontendmentor-react\\src\\styles\\global.ts","statementMap":{"0":{"start":{"line":1,"column":0},"end":{"line":1,"column":59}},"1":{"start":{"line":3,"column":21},"end":{"line":28,"column":2}},"2":{"start":{"line":12,"column":19},"end":{"line":26,"column":null}},"3":{"start":{"line":30,"column":0},"end":{"line":30,"column":28}}},"fnMap":{"0":{"name":"(anonymous_0)","decl":{"start":{"line":12,"column":4},"end":{"line":12,"column":5}},"loc":{"start":{"line":12,"column":19},"end":{"line":26,"column":null}}}},"branchMap":{},"s":{"0":0,"1":0,"2":0,"3":0},"f":{"0":0},"b":{}}
,"C:\\Users\\Danilo\\Documents\\Projects\\boiler-frontendmentor-react\\src\\styles\\theme.ts": {"path":"C:\\Users\\Danilo\\Documents\\Projects\\boiler-frontendmentor-react\\src\\styles\\theme.ts","statementMap":{"0":{"start":{"line":1,"column":0},"end":{"line":50,"column":2}}},"fnMap":{},"branchMap":{},"s":{"0":1},"f":{},"b":{}}
,"C:\\Users\\Danilo\\Documents\\Projects\\boiler-frontendmentor-react\\src\\utils\\tests\\helpers.tsx": {"path":"C:\\Users\\Danilo\\Documents\\Projects\\boiler-frontendmentor-react\\src\\utils\\tests\\helpers.tsx","statementMap":{"0":{"start":{"line":1,"column":0},"end":{"line":1,"column":62}},"1":{"start":{"line":2,"column":0},"end":{"line":2,"column":50}},"2":{"start":{"line":3,"column":0},"end":{"line":3,"column":39}},"3":{"start":{"line":5,"column":31},"end":{"line":6,"column":65}},"4":{"start":{"line":6,"column":2},"end":{"line":6,"column":65}},"5":{"start":{"line":5,"column":13},"end":{"line":5,"column":31}}},"fnMap":{"0":{"name":"(anonymous_0)","decl":{"start":{"line":5,"column":31},"end":{"line":5,"column":32}},"loc":{"start":{"line":6,"column":2},"end":{"line":6,"column":65}}}},"branchMap":{},"s":{"0":1,"1":1,"2":1,"3":1,"4":1,"5":1},"f":{"0":1},"b":{}}
}
